<?xml version="1.0" encoding="utf-8"?><testsuites name="pytest tests"><testsuite name="pytest" errors="0" failures="0" skipped="0" tests="23" time="3.663" timestamp="2026-08-27T12:53:47.595144+00:00" hostname="agent-env-fe45f52e-f19d-41bb-90f8-fac36b2bfb7e"><testcase classname="tests.test_auth_and_isolation.TestAuthedRegression" name="test_dashboard" time="0.243" /><testcase classname="tests.test_auth_and_isolation.TestProtectedEndpointsUnauth" name="test_returns_401_without_auth[GET-/dashboard]" time="0.180" /><testcase classname="tests.test_auth_and_isolation.TestProtectedEndpointsUnauth" name="test_returns_401_without_auth[GET-/user/me]" time="0.268" /><testcase classname="tests.test_auth_and_isolation.TestAuthedRegression" name="test_workout_today" time="0.166" /><testcase classname="tests.test_auth_and_isolation.TestAuthedRegression" name="test_progress" time="0.151" /><testcase classname="tests.test_auth_and_isolation.TestProtectedEndpointsUnauth" name="test_returns_401_without_auth[GET-/fitness-profile]" time="0.180" /><testcase classname="tests.test_auth_and_isolation.TestAuthedRegression" name="test_measurements_post" time="0.140" /><testcase classname="tests.test_auth_and_isolation.TestProtectedEndpointsUnauth" name="test_returns_401_without_auth[GET-/workout/today]" time="0.131" /><testcase classname="tests.test_auth_and_isolation.TestAuthedRegression" name="test_leagues_list" time="0.156" /><testcase classname="tests.test_auth_and_isolation.TestProtectedEndpointsUnauth" name="test_returns_401_without_auth[POST-/workout/complete]" time="0.169" /><testcase classname="tests.test_auth_and_isolation.TestAuthedRegression" name="test_league_ranking" time="0.138" /><testcase classname="tests.test_auth_and_isolation.TestProtectedEndpointsUnauth" name="test_returns_401_without_auth[GET-/progress]" time="0.128" /><testcase classname="tests.test_auth_and_isolation.TestAuthedRegression" name="test_exercises" time="0.191" /><testcase classname="tests.test_auth_and_isolation.TestProtectedEndpointsUnauth" name="test_returns_401_without_auth[GET-/leagues]" time="0.191" /><testcase classname="tests.test_auth_and_isolation.TestAuthEndpoints" name="test_auth_session_invalid_id_returns_401" time="0.261" /><testcase classname="tests.test_auth_and_isolation.TestProtectedEndpointsUnauth" name="test_returns_401_without_auth[GET-/exercises]" time="0.189" /><testcase classname="tests.test_auth_and_isolation.TestIsolation" name="test_workout_complete_isolation" time="0.689" /><testcase classname="tests.test_auth_and_isolation.TestAuthEndpoints" name="test_auth_me_without_token_returns_401" time="0.189" /><testcase classname="tests.test_auth_and_isolation.TestAuthEndpoints" name="test_auth_me_with_bearer_returns_user" time="0.204" /><testcase classname="tests.test_auth_and_isolation.TestAuthEndpoints" name="test_auth_me_invalid_token_returns_401" time="0.121" /><testcase classname="tests.test_auth_and_isolation.TestAuthEndpoints" name="test_auth_logout" time="0.294" /><testcase classname="tests.test_auth_and_isolation.TestIsolation" name="test_fitness_profile_isolation" time="0.404" /><testcase classname="tests.test_auth_and_isolation.TestIsolation" name="test_league_ranking_is_me_flag_per_user" time="0.308" /></testsuite></testsuites>