<?xml version="1.0" encoding="utf-8"?><testsuites name="pytest tests"><testsuite name="pytest" errors="0" failures="0" skipped="0" tests="10" time="12.659" timestamp="2026-08-27T13:28:50.411821+00:00" hostname="agent-env-fe45f52e-f19d-41bb-90f8-fac36b2bfb7e"><testcase classname="tests.test_new_features.TestEmergencyAndActivate" name="test_emergency_workout" time="0.279" /><testcase classname="tests.test_new_features.TestLeagueInvites" name="test_invite_persistent_code" time="0.489" /><testcase classname="tests.test_new_features.TestEmergencyAndActivate" name="test_activate_plan" time="0.520" /><testcase classname="tests.test_new_features.TestLeagueInvites" name="test_non_member_gets_403" time="0.121" /><testcase classname="tests.test_new_features.TestLeagueInvites" name="test_join_by_code_valid" time="0.571" /><testcase classname="tests.test_new_features.TestChatAI" name="test_chat_streams_pt_br_and_persists_history" time="4.437" /><testcase classname="tests.test_new_features.TestLeagueInvites" name="test_join_by_code_invalid" time="0.142" /><testcase classname="tests.test_new_features.TestWorkoutCompleteStreak" name="test_streak_increments_and_at_risk_flag" time="0.955" /><testcase classname="tests.test_new_features.TestPlanGeneration" name="test_generate_plan_creates_active_plan_and_replaces_today" time="5.485" /><testcase classname="tests.test_new_features.TestAssessment" name="test_submit_assessment_sets_flag_and_baselines" time="1.105" /></testsuite></testsuites>